{"name": "test_verify_ownerName", "status": "failed", "statusDetails": {"message": "AssertionError: assert 'vehicle-owners' in 'data:,'\n +  where 'data:,' = <selenium.webdriver.chrome.webdriver.WebDriver (session=\"7966e5e94611f10645e930975a46f9e4\")>.current_url", "trace": "self = <admin_workflow.test_admin_navigation.TestExecution object at 0x000002A45E36E490>\n\n    @pytest.mark.timeput(3)\n    def test_verify_ownerName(self):\n>       assert \"vehicle-owners\" in driver.current_url\nE       assert 'vehicle-owners' in 'data:,'\nE        +  where 'data:,' = <selenium.webdriver.chrome.webdriver.WebDriver (session=\"7966e5e94611f10645e930975a46f9e4\")>.current_url\n\ntest_admin_navigation.py:102: AssertionError"}, "start": 1593851034061, "stop": 1593851034071, "uuid": "dfdef743-70f0-4f29-b56e-cea01e403396", "historyId": "6a623dac05735e402b3fe423add81818", "testCaseId": "a825fa57405b79e9b669abd7e9e285f7", "fullName": "test_admin_navigation.TestExecution#test_verify_ownerName", "labels": [{"name": "tag", "value": "timeput(3)"}, {"name": "suite", "value": "test_admin_navigation"}, {"name": "subSuite", "value": "TestExecution"}, {"name": "host", "value": "DESKTOP-6QJKN6Q"}, {"name": "thread", "value": "26360-MainThread"}, {"name": "framework", "value": "pytest"}, {"name": "language", "value": "cpython3"}, {"name": "package", "value": "test_admin_navigation"}]}